[1] "This individual has 380 ROHs (0.1-1 Mb) summing to 70.15 Mb; 4 ROHs (1-5 Mb) summing to 6.24 Mb; 0 ROHs (5-10 Mb) summing to 0 Mb; 0 ROHs (>10 Mb) summing to 0 Mb"
[1] "This individual has 366 ROHs (0.1-1 Mb) summing to 68.25 Mb; 3 ROHs (1-5 Mb) summing to 6.81 Mb; 0 ROHs (5-10 Mb) summing to 0 Mb; 0 ROHs (>10 Mb) summing to 0 Mb"
[1] "This individual has 342 ROHs (0.1-1 Mb) summing to 66.67 Mb; 2 ROHs (1-5 Mb) summing to 2.85 Mb; 0 ROHs (5-10 Mb) summing to 0 Mb; 0 ROHs (>10 Mb) summing to 0 Mb"
[1] "This individual has 364 ROHs (0.1-1 Mb) summing to 71.04 Mb; 3 ROHs (1-5 Mb) summing to 3.81 Mb; 0 ROHs (5-10 Mb) summing to 0 Mb; 0 ROHs (>10 Mb) summing to 0 Mb"
[1] "This individual has 389 ROHs (0.1-1 Mb) summing to 72.42 Mb; 2 ROHs (1-5 Mb) summing to 2.92 Mb; 0 ROHs (5-10 Mb) summing to 0 Mb; 0 ROHs (>10 Mb) summing to 0 Mb"
[1] "This individual has 365 ROHs (0.1-1 Mb) summing to 72.32 Mb; 4 ROHs (1-5 Mb) summing to 4.86 Mb; 0 ROHs (5-10 Mb) summing to 0 Mb; 0 ROHs (>10 Mb) summing to 0 Mb"
[1] "This individual has 375 ROHs (0.1-1 Mb) summing to 70.81 Mb; 3 ROHs (1-5 Mb) summing to 4.86 Mb; 0 ROHs (5-10 Mb) summing to 0 Mb; 0 ROHs (>10 Mb) summing to 0 Mb"
[1] "This individual has 372 ROHs (0.1-1 Mb) summing to 69.67 Mb; 8 ROHs (1-5 Mb) summing to 12.02 Mb; 0 ROHs (5-10 Mb) summing to 0 Mb; 0 ROHs (>10 Mb) summing to 0 Mb"
[1] "This individual has 362 ROHs (0.1-1 Mb) summing to 66.85 Mb; 6 ROHs (1-5 Mb) summing to 10.08 Mb; 0 ROHs (5-10 Mb) summing to 0 Mb; 0 ROHs (>10 Mb) summing to 0 Mb"
[1] "This individual has 377 ROHs (0.1-1 Mb) summing to 75.39 Mb; 5 ROHs (1-5 Mb) summing to 8.18 Mb; 0 ROHs (5-10 Mb) summing to 0 Mb; 0 ROHs (>10 Mb) summing to 0 Mb"
[1] "This individual has 360 ROHs (0.1-1 Mb) summing to 67.23 Mb; 2 ROHs (1-5 Mb) summing to 2.53 Mb; 0 ROHs (5-10 Mb) summing to 0 Mb; 0 ROHs (>10 Mb) summing to 0 Mb"
[1] "This individual has 355 ROHs (0.1-1 Mb) summing to 71.69 Mb; 5 ROHs (1-5 Mb) summing to 9.65 Mb; 0 ROHs (5-10 Mb) summing to 0 Mb; 0 ROHs (>10 Mb) summing to 0 Mb"
[1] "This individual has 355 ROHs (0.1-1 Mb) summing to 66.45 Mb; 6 ROHs (1-5 Mb) summing to 10.3 Mb; 0 ROHs (5-10 Mb) summing to 0 Mb; 0 ROHs (>10 Mb) summing to 0 Mb"
[1] "This individual has 329 ROHs (0.1-1 Mb) summing to 61.43 Mb; 4 ROHs (1-5 Mb) summing to 5.26 Mb; 0 ROHs (5-10 Mb) summing to 0 Mb; 0 ROHs (>10 Mb) summing to 0 Mb"
[1] "This individual has 360 ROHs (0.1-1 Mb) summing to 66.8 Mb; 4 ROHs (1-5 Mb) summing to 4.98 Mb; 0 ROHs (5-10 Mb) summing to 0 Mb; 0 ROHs (>10 Mb) summing to 0 Mb"
[1] "This individual has 368 ROHs (0.1-1 Mb) summing to 70.37 Mb; 5 ROHs (1-5 Mb) summing to 7.65 Mb; 0 ROHs (5-10 Mb) summing to 0 Mb; 0 ROHs (>10 Mb) summing to 0 Mb"
[1] "This individual has 350 ROHs (0.1-1 Mb) summing to 67.79 Mb; 6 ROHs (1-5 Mb) summing to 12.48 Mb; 0 ROHs (5-10 Mb) summing to 0 Mb; 0 ROHs (>10 Mb) summing to 0 Mb"
[1] "This individual has 375 ROHs (0.1-1 Mb) summing to 71.35 Mb; 6 ROHs (1-5 Mb) summing to 12.71 Mb; 1 ROHs (5-10 Mb) summing to 9.26 Mb; 0 ROHs (>10 Mb) summing to 0 Mb"
[1] "This individual has 376 ROHs (0.1-1 Mb) summing to 73.92 Mb; 16 ROHs (1-5 Mb) summing to 40 Mb; 2 ROHs (5-10 Mb) summing to 13.92 Mb; 0 ROHs (>10 Mb) summing to 0 Mb"
[1] "This individual has 344 ROHs (0.1-1 Mb) summing to 66.91 Mb; 7 ROHs (1-5 Mb) summing to 14.19 Mb; 0 ROHs (5-10 Mb) summing to 0 Mb; 1 ROHs (>10 Mb) summing to 15.8 Mb"
[1] "This individual has 375 ROHs (0.1-1 Mb) summing to 73.7 Mb; 3 ROHs (1-5 Mb) summing to 3.79 Mb; 0 ROHs (5-10 Mb) summing to 0 Mb; 0 ROHs (>10 Mb) summing to 0 Mb"
[1] "This individual has 409 ROHs (0.1-1 Mb) summing to 82.84 Mb; 3 ROHs (1-5 Mb) summing to 3.28 Mb; 0 ROHs (5-10 Mb) summing to 0 Mb; 0 ROHs (>10 Mb) summing to 0 Mb"
[1] "This individual has 378 ROHs (0.1-1 Mb) summing to 69.16 Mb; 1 ROHs (1-5 Mb) summing to 3.03 Mb; 0 ROHs (5-10 Mb) summing to 0 Mb; 0 ROHs (>10 Mb) summing to 0 Mb"
[1] "This individual has 377 ROHs (0.1-1 Mb) summing to 75.78 Mb; 4 ROHs (1-5 Mb) summing to 9.22 Mb; 0 ROHs (5-10 Mb) summing to 0 Mb; 0 ROHs (>10 Mb) summing to 0 Mb"
[1] "This individual has 377 ROHs (0.1-1 Mb) summing to 71.79 Mb; 7 ROHs (1-5 Mb) summing to 11.82 Mb; 0 ROHs (5-10 Mb) summing to 0 Mb; 0 ROHs (>10 Mb) summing to 0 Mb"
[1] "This individual has 364 ROHs (0.1-1 Mb) summing to 69.89 Mb; 3 ROHs (1-5 Mb) summing to 3.49 Mb; 0 ROHs (5-10 Mb) summing to 0 Mb; 0 ROHs (>10 Mb) summing to 0 Mb"
[1] "This individual has 350 ROHs (0.1-1 Mb) summing to 69.51 Mb; 3 ROHs (1-5 Mb) summing to 8.34 Mb; 0 ROHs (5-10 Mb) summing to 0 Mb; 0 ROHs (>10 Mb) summing to 0 Mb"
[1] "This individual has 163 ROHs (0.1-1 Mb) summing to 28.19 Mb; 1 ROHs (1-5 Mb) summing to 1.37 Mb; 0 ROHs (5-10 Mb) summing to 0 Mb; 0 ROHs (>10 Mb) summing to 0 Mb"
[1] "This individual has 171 ROHs (0.1-1 Mb) summing to 32.44 Mb; 2 ROHs (1-5 Mb) summing to 4.83 Mb; 0 ROHs (5-10 Mb) summing to 0 Mb; 0 ROHs (>10 Mb) summing to 0 Mb"
[1] "This individual has 132 ROHs (0.1-1 Mb) summing to 22.55 Mb; 1 ROHs (1-5 Mb) summing to 1.07 Mb; 0 ROHs (5-10 Mb) summing to 0 Mb; 0 ROHs (>10 Mb) summing to 0 Mb"
[1] "This individual has 172 ROHs (0.1-1 Mb) summing to 31.59 Mb; 0 ROHs (1-5 Mb) summing to 0 Mb; 0 ROHs (5-10 Mb) summing to 0 Mb; 0 ROHs (>10 Mb) summing to 0 Mb"
[1] "This individual has 174 ROHs (0.1-1 Mb) summing to 32.51 Mb; 0 ROHs (1-5 Mb) summing to 0 Mb; 0 ROHs (5-10 Mb) summing to 0 Mb; 0 ROHs (>10 Mb) summing to 0 Mb"
[1] "This individual has 139 ROHs (0.1-1 Mb) summing to 27.38 Mb; 1 ROHs (1-5 Mb) summing to 1.43 Mb; 0 ROHs (5-10 Mb) summing to 0 Mb; 0 ROHs (>10 Mb) summing to 0 Mb"
[1] "This individual has 160 ROHs (0.1-1 Mb) summing to 30.16 Mb; 0 ROHs (1-5 Mb) summing to 0 Mb; 0 ROHs (5-10 Mb) summing to 0 Mb; 0 ROHs (>10 Mb) summing to 0 Mb"
[1] "This individual has 160 ROHs (0.1-1 Mb) summing to 30.68 Mb; 0 ROHs (1-5 Mb) summing to 0 Mb; 0 ROHs (5-10 Mb) summing to 0 Mb; 0 ROHs (>10 Mb) summing to 0 Mb"
[1] "This individual has 159 ROHs (0.1-1 Mb) summing to 30.32 Mb; 4 ROHs (1-5 Mb) summing to 7.32 Mb; 0 ROHs (5-10 Mb) summing to 0 Mb; 0 ROHs (>10 Mb) summing to 0 Mb"
[1] "This individual has 162 ROHs (0.1-1 Mb) summing to 30.08 Mb; 0 ROHs (1-5 Mb) summing to 0 Mb; 0 ROHs (5-10 Mb) summing to 0 Mb; 0 ROHs (>10 Mb) summing to 0 Mb"
[1] "This individual has 144 ROHs (0.1-1 Mb) summing to 24.91 Mb; 1 ROHs (1-5 Mb) summing to 1.83 Mb; 0 ROHs (5-10 Mb) summing to 0 Mb; 0 ROHs (>10 Mb) summing to 0 Mb"
[1] "This individual has 144 ROHs (0.1-1 Mb) summing to 27.08 Mb; 1 ROHs (1-5 Mb) summing to 1.09 Mb; 0 ROHs (5-10 Mb) summing to 0 Mb; 0 ROHs (>10 Mb) summing to 0 Mb"
[1] "This individual has 154 ROHs (0.1-1 Mb) summing to 28.98 Mb; 1 ROHs (1-5 Mb) summing to 2.36 Mb; 0 ROHs (5-10 Mb) summing to 0 Mb; 0 ROHs (>10 Mb) summing to 0 Mb"
[1] "This individual has 140 ROHs (0.1-1 Mb) summing to 26.12 Mb; 2 ROHs (1-5 Mb) summing to 2.7 Mb; 0 ROHs (5-10 Mb) summing to 0 Mb; 0 ROHs (>10 Mb) summing to 0 Mb"
[1] "This individual has 158 ROHs (0.1-1 Mb) summing to 29.82 Mb; 2 ROHs (1-5 Mb) summing to 2.23 Mb; 0 ROHs (5-10 Mb) summing to 0 Mb; 0 ROHs (>10 Mb) summing to 0 Mb"
[1] "This individual has 158 ROHs (0.1-1 Mb) summing to 29.14 Mb; 1 ROHs (1-5 Mb) summing to 1.03 Mb; 0 ROHs (5-10 Mb) summing to 0 Mb; 0 ROHs (>10 Mb) summing to 0 Mb"
[1] "This individual has 129 ROHs (0.1-1 Mb) summing to 23.44 Mb; 0 ROHs (1-5 Mb) summing to 0 Mb; 0 ROHs (5-10 Mb) summing to 0 Mb; 0 ROHs (>10 Mb) summing to 0 Mb"
[1] "This individual has 154 ROHs (0.1-1 Mb) summing to 27.26 Mb; 0 ROHs (1-5 Mb) summing to 0 Mb; 0 ROHs (5-10 Mb) summing to 0 Mb; 0 ROHs (>10 Mb) summing to 0 Mb"
[1] "This individual has 156 ROHs (0.1-1 Mb) summing to 29.18 Mb; 3 ROHs (1-5 Mb) summing to 5.18 Mb; 0 ROHs (5-10 Mb) summing to 0 Mb; 0 ROHs (>10 Mb) summing to 0 Mb"
[1] "This individual has 157 ROHs (0.1-1 Mb) summing to 29.46 Mb; 2 ROHs (1-5 Mb) summing to 2.99 Mb; 0 ROHs (5-10 Mb) summing to 0 Mb; 0 ROHs (>10 Mb) summing to 0 Mb"
[1] "This individual has 1050 ROHs (0.1-1 Mb) summing to 376.61 Mb; 221 ROHs (1-5 Mb) summing to 438.27 Mb; 14 ROHs (5-10 Mb) summing to 89.66 Mb; 1 ROHs (>10 Mb) summing to 10.14 Mb"
[1] "This individual has 981 ROHs (0.1-1 Mb) summing to 362.15 Mb; 192 ROHs (1-5 Mb) summing to 361.48 Mb; 10 ROHs (5-10 Mb) summing to 70.51 Mb; 0 ROHs (>10 Mb) summing to 0 Mb"
[1] "This individual has 1057 ROHs (0.1-1 Mb) summing to 387.85 Mb; 202 ROHs (1-5 Mb) summing to 382.84 Mb; 4 ROHs (5-10 Mb) summing to 23.21 Mb; 1 ROHs (>10 Mb) summing to 12.36 Mb"
[1] "This individual has 1013 ROHs (0.1-1 Mb) summing to 371.51 Mb; 214 ROHs (1-5 Mb) summing to 379.05 Mb; 10 ROHs (5-10 Mb) summing to 64.31 Mb; 1 ROHs (>10 Mb) summing to 12.62 Mb"
[1] "This individual has 1048 ROHs (0.1-1 Mb) summing to 389.95 Mb; 206 ROHs (1-5 Mb) summing to 369.65 Mb; 10 ROHs (5-10 Mb) summing to 63.99 Mb; 0 ROHs (>10 Mb) summing to 0 Mb"
[1] "This individual has 1020 ROHs (0.1-1 Mb) summing to 369.9 Mb; 193 ROHs (1-5 Mb) summing to 371.56 Mb; 9 ROHs (5-10 Mb) summing to 59.84 Mb; 0 ROHs (>10 Mb) summing to 0 Mb"
[1] "This individual has 990 ROHs (0.1-1 Mb) summing to 354.46 Mb; 183 ROHs (1-5 Mb) summing to 357.28 Mb; 7 ROHs (5-10 Mb) summing to 46.24 Mb; 1 ROHs (>10 Mb) summing to 10.35 Mb"
[1] "This individual has 1033 ROHs (0.1-1 Mb) summing to 376.81 Mb; 204 ROHs (1-5 Mb) summing to 386.17 Mb; 4 ROHs (5-10 Mb) summing to 27.81 Mb; 0 ROHs (>10 Mb) summing to 0 Mb"
[1] "This individual has 971 ROHs (0.1-1 Mb) summing to 350.75 Mb; 205 ROHs (1-5 Mb) summing to 394.98 Mb; 8 ROHs (5-10 Mb) summing to 52.37 Mb; 1 ROHs (>10 Mb) summing to 10.78 Mb"
[1] "This individual has 989 ROHs (0.1-1 Mb) summing to 364.76 Mb; 206 ROHs (1-5 Mb) summing to 379.53 Mb; 3 ROHs (5-10 Mb) summing to 17.09 Mb; 1 ROHs (>10 Mb) summing to 12.19 Mb"
[1] "This individual has 944 ROHs (0.1-1 Mb) summing to 345.88 Mb; 233 ROHs (1-5 Mb) summing to 429.43 Mb; 9 ROHs (5-10 Mb) summing to 60.32 Mb; 0 ROHs (>10 Mb) summing to 0 Mb"
[1] "This individual has 1055 ROHs (0.1-1 Mb) summing to 392.18 Mb; 220 ROHs (1-5 Mb) summing to 402.33 Mb; 7 ROHs (5-10 Mb) summing to 42.11 Mb; 1 ROHs (>10 Mb) summing to 10.88 Mb"
[1] "This individual has 1045 ROHs (0.1-1 Mb) summing to 379.8 Mb; 205 ROHs (1-5 Mb) summing to 370.63 Mb; 16 ROHs (5-10 Mb) summing to 104.18 Mb; 2 ROHs (>10 Mb) summing to 20.18 Mb"
[1] "This individual has 1040 ROHs (0.1-1 Mb) summing to 370.19 Mb; 207 ROHs (1-5 Mb) summing to 389.84 Mb; 12 ROHs (5-10 Mb) summing to 87.4 Mb; 2 ROHs (>10 Mb) summing to 21.38 Mb"
[1] "This individual has 1095 ROHs (0.1-1 Mb) summing to 398.93 Mb; 201 ROHs (1-5 Mb) summing to 363.21 Mb; 8 ROHs (5-10 Mb) summing to 49.29 Mb; 0 ROHs (>10 Mb) summing to 0 Mb"
[1] "This individual has 1065 ROHs (0.1-1 Mb) summing to 381.74 Mb; 205 ROHs (1-5 Mb) summing to 364.59 Mb; 9 ROHs (5-10 Mb) summing to 53.15 Mb; 2 ROHs (>10 Mb) summing to 24.59 Mb"
[1] "This individual has 1091 ROHs (0.1-1 Mb) summing to 402.63 Mb; 223 ROHs (1-5 Mb) summing to 404.35 Mb; 8 ROHs (5-10 Mb) summing to 47.44 Mb; 2 ROHs (>10 Mb) summing to 23.98 Mb"
[1] "This individual has 965 ROHs (0.1-1 Mb) summing to 350.19 Mb; 169 ROHs (1-5 Mb) summing to 317.14 Mb; 9 ROHs (5-10 Mb) summing to 59.71 Mb; 0 ROHs (>10 Mb) summing to 0 Mb"
null device 
          1 
